Arguments: 
  C:\NodeJS\node.exe C:\Users\edoza\AppData\Roaming\npm\node_modules\yarn\bin\yarn.js add @mui/material @emotion/react @emotion/styled

PATH: 
  C:\Python311\Scripts\;C:\Python311\;C:\Program Files\BellSoft\LibericaJDK-8-Full\bin\;C:\Program Files (x86)\Razer Chroma SDK\bin;C:\Program Files\Razer Chroma SDK\bin;C:\Program Files (x86)\Razer\ChromaBroadcast\bin;C:\Program Files\Razer\ChromaBroadcast\bin;C:\Program Files\Common Files\Oracle\Java\javapath;C:\WINDOWS\system32;C:\WINDOWS;C:\WINDOWS\System32\Wbem;C:\WINDOWS\System32\WindowsPowerShell\v1.0\;C:\WINDOWS\System32\OpenSSH\;C:\Program Files\NVIDIA Corporation\NVIDIA NvDLISR;C:\Program Files (x86)\NVIDIA Corporation\PhysX\Common;C:\Program Files\Git\cmd;C:\WINDOWS\system32\config\systemprofile\AppData\Local\Microsoft\WindowsApps;;C:\Program Files (x86)\Gpg4win\..\GnuPG\bin;C:\WINDOWS\system32;C:\WINDOWS;C:\WINDOWS\System32\Wbem;C:\WINDOWS\System32\WindowsPowerShell\v1.0\;C:\WINDOWS\System32\OpenSSH\;C:\Program Files (x86)\Tailscale IPN;C:\Program Files\dotnet\;C:\NodeJS\;C:\ProgramData\chocolatey\bin;C:\Program Files\Calibre2\;C:\Users\edoza\.local\share\solana\install\active_release\bin;C:\Users\edoza\AppData\Local\Microsoft\WindowsApps;D:\Microsoft VS Code\bin;C:\Users\edoza\AppData\Roaming\npm;C:\Program Files\OpenSSL-Win64\bin

Yarn version: 
  1.22.15

Node version: 
  18.12.1

Platform: 
  win32 x64

Trace: 
  Error: EPERM: operation not permitted, unlink 'D:\Hub progetti\L2 startup\L2-shop 2\FrontEnd\node_modules\bufferutil\prebuilds\win32-x64\node.napi.node'

npm manifest: 
  {
    "name": "ecomm",
    "version": "0.1.0",
    "private": true,
    "dependencies": {
      "@nomicfoundation/hardhat-toolbox": "^1.0.2",
      "@nomiclabs/hardhat-ethers": "^2.2.2",
      "@nomiclabs/hardhat-waffle": "^2.0.5",
      "@openzeppelin/contracts": "^4.8.3",
      "@reduxjs/toolkit": "^1.9.1",
      "@testing-library/jest-dom": "^5.16.5",
      "@testing-library/react": "^13.4.0",
      "@testing-library/user-event": "^13.5.0",
      "bootstrap": "^5.2.3",
      "chai": "^4.3.7",
      "ethers": "^5.7.2",
      "font-awesome": "^4.7.0",
      "fontawesome": "^5.6.3",
      "framer-motion": "^10.12.9",
      "hardhat": "^2.13.0",
      "react": "^18.2.0",
      "react-dom": "^18.2.0",
      "react-loading-skeleton": "^3.1.0",
      "react-redux": "^8.0.5",
      "react-router-dom": "^5.2.0",
      "react-scripts": "5.0.1",
      "redux": "^4.2.0",
      "web-vitals": "^2.1.4"
    },
    "scripts": {
      "start": "react-scripts start",
      "build": "react-scripts build",
      "test": "react-scripts test",
      "eject": "react-scripts eject"
    },
    "eslintConfig": {
      "extends": [
        "react-app",
        "react-app/jest"
      ]
    },
    "browserslist": {
      "production": [
        ">0.2%",
        "not dead",
        "not op_mini all"
      ],
      "development": [
        "last 1 chrome version",
        "last 1 firefox version",
        "last 1 safari version"
      ]
    },
    "devDependencies": {
      "@nomicfoundation/hardhat-chai-matchers": "^1.0.6",
      "@nomicfoundation/hardhat-network-helpers": "^1.0.0",
      "@nomiclabs/hardhat-etherscan": "^3.0.0",
      "@typechain/ethers-v5": "^10.1.0",
      "@typechain/hardhat": "^6.1.2",
      "@types/chai": "^4.2.0",
      "@types/mocha": "^9.1.0",
      "hardhat-gas-reporter": "^1.0.8",
      "solidity-coverage": "^0.7.21",
      "ts-node": "^10.9.1",
      "typechain": "^8.1.0",
      "typescript": "^5.0.3"
    }
  }

yarn manifest: 
  No manifest

Lockfile: 
  No lockfile
